<?xml version="1.0" encoding="UTF-8"?>
<!-- Generated by org.testng.reporters.JUnitReportReporter -->
<testsuite hostname="pgangakh" failures="0" tests="1" name="KhanAcadamy" time="0.008" errors="0" timestamp="2020-11-05T11:10:33 IST" skipped="0">
  <testcase classname="KhanAcadamy" name="TC1" time="0.008"/>
  <system-out/>
</testsuite> <!-- KhanAcadamy -->
